0 info it worked if it ends with ok
1 verbose cli [ 'c:\\Libs\\nodejs\\node.exe',
1 verbose cli   'C:\\Users\\VolodyaM\\AppData\\Roaming\\npm\\node_modules\\npm\\bin\\npm-cli.js',
1 verbose cli   'run',
1 verbose cli   'db' ]
2 info using npm@4.0.2
3 info using node@v7.2.0
4 verbose run-script [ 'predb', 'db', 'postdb' ]
5 info lifecycle ReactAppStartup@~predb: ReactAppStartup@
6 silly lifecycle ReactAppStartup@~predb: no script for predb, continuing
7 info lifecycle ReactAppStartup@~db: ReactAppStartup@
8 verbose lifecycle ReactAppStartup@~db: unsafe-perm in lifecycle true
9 verbose lifecycle ReactAppStartup@~db: PATH: C:\Users\VolodyaM\AppData\Roaming\npm\node_modules\npm\bin\node-gyp-bin;C:\Users\VolodyaM\Desktop\TestTableApp\node_modules\.bin;C:\Users\VolodyaM\AppData\Roaming\npm;c:\Libs\nodejs\;C:\VulkanSDK\1.0.11.1\Bin;C:\VulkanSDK\1.0.5.0\Bin;C:\VulkanSDK\1.0.3.1\Bin;C:\VulkanSDK\1.0.3.1\Bin32;C:\Libs\AMD APP SDK\2.9-1\bin\x86_64;C:\Libs\AMD APP SDK\2.9-1\bin\x86;C:\Program Files (x86)\AMD APP SDK\2.9-1\bin\x86_64;C:\Program Files (x86)\AMD APP SDK\2.9-1\bin\x86;C:\ProgramData\Oracle\Java\javapath;C:\Program Files\Haskell\bin;C:\Program Files\Haskell Platform\2014.2.0.0\lib\extralibs\bin;C:\Program Files\Haskell Platform\2014.2.0.0\bin;C:\Python34\;C:\Python34\Scripts;C:\Program Files (x86)\Intel\iCLS Client\;C:\Program Files\Intel\iCLS Client\;C:\Windows\system32;C:\Windows;C:\Windows\System32\Wbem;C:\Windows\System32\WindowsPowerShell\v1.0\;C:\Program Files\Intel\Intel(R) Management Engine Components\DAL;C:\Program Files\Intel\Intel(R) Management Engine Components\IPT;C:\Program Files (x86)\Intel\Intel(R) Management Engine Components\DAL;C:\Program Files (x86)\Intel\Intel(R) Management Engine Components\IPT;C:\Program Files\Microsoft Windows Performance Toolkit\;C:\Program Files\Microsoft\Web Platform Installer\;C:\Program Files (x86)\Microsoft ASP.NET\ASP.NET Web Pages\v1.0\;C:\Program Files\Microsoft SQL Server\110\Tools\Binn\;C:\Program Files (x86)\NVIDIA Corporation\Cg\bin;C:\Program Files (x86)\NVIDIA Corporation\Cg\bin.x64;C:\Program Files (x86)\Visual Leak Detector\bin\Win32;C:\Program Files (x86)\Visual Leak Detector\bin\Win64;C:\Program Files (x86)\Windows Kits\8.1\Windows Performance Toolkit\;C:\Program Files\doxygen\bin;C:\Havok\AnarchySDK\Bin\win32_vs2010_anarchy\dev_dll\DX9;C:\Program Files\TortoiseSVN\bin;C:\MinGW\bin;C:\Program Files (x86)\Microsoft SDKs\TypeScript\1.0\;C:\Program Files\Microsoft SQL Server\120\Tools\Binn\;C:\Program Files (x86)\NVIDIA Corporation\PhysX\Common;C:\Program Files (x86)\Git\cmd;C:\Program Files (x86)\GtkSharp\2.12\bin;C:\Program Files (x86)\AMD APP SDK\3.0\bin\x86_64;C:\Program Files (x86)\AMD APP SDK\3.0\bin\x86;C:\Libs\Go\bin;C:\Program Files (x86)\Skype2\Phone\;C:\Program Files\TortoiseGit\bin;C:\Libs\Cocos_Framework\frameworks\cocos2d-x-3.7\tools\cocos2d-console\bin;C:\Users\VolodyaM\AppData\Roaming\cabal\bin;C:\Program Files\ProTeXt\miktex\bin\x64\;C:\Program Files\MiKTeX 2.9.5144\miktex\bin\x64\;C:\Program Files\MiKTeX 2.9\miktex\bin\x64\;C:\Libs\Cocos_Framework\tools\Python27;C:\Users\VolodyaM\AppData\Local\atom\bin;C:\Users\VolodyaM\AppData\Local\.meteor\
10 verbose lifecycle ReactAppStartup@~db: CWD: C:\Users\VolodyaM\Desktop\TestTableApp
11 silly lifecycle ReactAppStartup@~db: Args: [ '/d /s /c', 'npm start db/db.js' ]
12 silly lifecycle ReactAppStartup@~db: Returned: code: 1  signal: null
13 info lifecycle ReactAppStartup@~db: Failed to exec db script
14 verbose stack Error: ReactAppStartup@ db: `npm start db/db.js`
14 verbose stack Exit status 1
14 verbose stack     at EventEmitter.<anonymous> (C:\Users\VolodyaM\AppData\Roaming\npm\node_modules\npm\lib\utils\lifecycle.js:279:16)
14 verbose stack     at emitTwo (events.js:106:13)
14 verbose stack     at EventEmitter.emit (events.js:191:7)
14 verbose stack     at ChildProcess.<anonymous> (C:\Users\VolodyaM\AppData\Roaming\npm\node_modules\npm\lib\utils\spawn.js:40:14)
14 verbose stack     at emitTwo (events.js:106:13)
14 verbose stack     at ChildProcess.emit (events.js:191:7)
14 verbose stack     at maybeClose (internal/child_process.js:885:16)
14 verbose stack     at Process.ChildProcess._handle.onexit (internal/child_process.js:226:5)
15 verbose pkgid ReactAppStartup@
16 verbose cwd C:\Users\VolodyaM\Desktop\TestTableApp
17 error Windows_NT 6.1.7601
18 error argv "c:\\Libs\\nodejs\\node.exe" "C:\\Users\\VolodyaM\\AppData\\Roaming\\npm\\node_modules\\npm\\bin\\npm-cli.js" "run" "db"
19 error node v7.2.0
20 error npm  v4.0.2
21 error code ELIFECYCLE
22 error ReactAppStartup@ db: `npm start db/db.js`
22 error Exit status 1
23 error Failed at the ReactAppStartup@ db script 'npm start db/db.js'.
23 error Make sure you have the latest version of node.js and npm installed.
23 error If you do, this is most likely a problem with the ReactAppStartup package,
23 error not with npm itself.
23 error Tell the author that this fails on your system:
23 error     npm start db/db.js
23 error You can get information on how to open an issue for this project with:
23 error     npm bugs ReactAppStartup
23 error Or if that isn't available, you can get their info via:
23 error     npm owner ls ReactAppStartup
23 error There is likely additional logging output above.
24 verbose exit [ 1, true ]
